<?xml version="1.0" encoding="UTF-8"?>
<!-- Generated by org.testng.reporters.JUnitReportReporter -->
<testsuite skipped="0" hostname="PRINHYLTPHP0059" name="com.manish.SavvySearchTest" tests="9" failures="0" timestamp="2020-01-09T11:03:04 IST" time="10.669" errors="0">
  <testcase name="enteringData2" time="2.138" classname="com.manish.SavvySearchTest"/>
  <system-out/>
  <testcase name="dateCheck" time="2.287" classname="com.manish.SavvySearchTest"/>
  <system-out/>
  <testcase name="permaLinkTest" time="0.173" classname="com.manish.SavvySearchTest"/>
  <system-out/>
  <testcase name="swapTest" time="1.403" classname="com.manish.SavvySearchTest"/>
  <system-out/>
  <testcase name="enteringData1" time="1.992" classname="com.manish.SavvySearchTest"/>
  <system-out/>
  <testcase name="diffDate" time="0.146" classname="com.manish.SavvySearchTest"/>
  <system-out/>
  <testcase name="deleteCheck" time="1.490" classname="com.manish.SavvySearchTest"/>
  <system-out/>
  <testcase name="scrollTest" time="0.542" classname="com.manish.SavvySearchTest"/>
  <system-out/>
  <testcase name="scrollTest1" time="0.498" classname="com.manish.SavvySearchTest"/>
  <system-out/>
</testsuite> <!-- com.manish.SavvySearchTest -->
